The system is: Linux - 5.4.0-150-generic - x86_64
Compiling the C compiler identification source file "CMakeCCompilerId.c" succeeded.
Compiler: /usr/bin/cc 
Build flags: 
Id flags:  

The output was:
0


Compilation of the C compiler identification source "CMakeCCompilerId.c" produced "a.out"

The C compiler identification is GNU, found in "/home/zyl/Polar-AFL/cJSON/build/CMakeFiles/3.10.2/CompilerIdC/a.out"

Determining if the C compiler works passed with the following output:
Change Dir: /home/zyl/Polar-AFL/cJSON/build/CMakeFiles/CMakeTmp

Run Build Command:"/usr/bin/make" "cmTC_bc1d5/fast"
/usr/bin/make -f CMakeFiles/cmTC_bc1d5.dir/build.make CMakeFiles/cmTC_bc1d5.dir/build
make[1]: Entering directory '/home/zyl/Polar-AFL/cJSON/build/CMakeFiles/CMakeTmp'
Building C object CMakeFiles/cmTC_bc1d5.dir/testCCompiler.c.o
/usr/bin/cc    -o CMakeFiles/cmTC_bc1d5.dir/testCCompiler.c.o   -c /home/zyl/Polar-AFL/cJSON/build/CMakeFiles/CMakeTmp/testCCompiler.c
Linking C executable cmTC_bc1d5
/usr/bin/cmake -E cmake_link_script CMakeFiles/cmTC_bc1d5.dir/link.txt --verbose=1
/usr/bin/cc      -rdynamic CMakeFiles/cmTC_bc1d5.dir/testCCompiler.c.o  -o cmTC_bc1d5 
make[1]: Leaving directory '/home/zyl/Polar-AFL/cJSON/build/CMakeFiles/CMakeTmp'


Detecting C compiler ABI info compiled with the following output:
Change Dir: /home/zyl/Polar-AFL/cJSON/build/CMakeFiles/CMakeTmp

Run Build Command:"/usr/bin/make" "cmTC_302de/fast"
/usr/bin/make -f CMakeFiles/cmTC_302de.dir/build.make CMakeFiles/cmTC_302de.dir/build
make[1]: Entering directory '/home/zyl/Polar-AFL/cJSON/build/CMakeFiles/CMakeTmp'
Building C object CMakeFiles/cmTC_302de.dir/CMakeCCompilerABI.c.o
/usr/bin/cc    -o CMakeFiles/cmTC_302de.dir/CMakeCCompilerABI.c.o   -c /usr/share/cmake-3.10/Modules/CMakeCCompilerABI.c
Linking C executable cmTC_302de
/usr/bin/cmake -E cmake_link_script CMakeFiles/cmTC_302de.dir/link.txt --verbose=1
/usr/bin/cc     -v -rdynamic CMakeFiles/cmTC_302de.dir/CMakeCCompilerABI.c.o  -o cmTC_302de 
Using built-in specs.
COLLECT_GCC=/usr/bin/cc
COLLECT_LTO_WRAPPER=/usr/lib/gcc/x86_64-linux-gnu/7/lto-wrapper
OFFLOAD_TARGET_NAMES=nvptx-none
OFFLOAD_TARGET_DEFAULT=1
Target: x86_64-linux-gnu
Configured with: ../src/configure -v --with-pkgversion='Ubuntu 7.5.0-3ubuntu1~18.04' --with-bugurl=file:///usr/share/doc/gcc-7/README.Bugs --enable-languages=c,ada,c++,go,brig,d,fortran,objc,obj-c++ --prefix=/usr --with-gcc-major-version-only --program-suffix=-7 --program-prefix=x86_64-linux-gnu- --enable-shared --enable-linker-build-id --libexecdir=/usr/lib --without-included-gettext --enable-threads=posix --libdir=/usr/lib --enable-nls --enable-bootstrap --enable-clocale=gnu --enable-libstdcxx-debug --enable-libstdcxx-time=yes --with-default-libstdcxx-abi=new --enable-gnu-unique-object --disable-vtable-verify --enable-libmpx --enable-plugin --enable-default-pie --with-system-zlib --with-target-system-zlib --enable-objc-gc=auto --enable-multiarch --disable-werror --with-arch-32=i686 --with-abi=m64 --with-multilib-list=m32,m64,mx32 --enable-multilib --with-tune=generic --enable-offload-targets=nvptx-none --without-cuda-driver --enable-checking=release --build=x86_64-linux-gnu --host=x86_64-linux-gnu --target=x86_64-linux-gnu
Thread model: posix
gcc version 7.5.0 (Ubuntu 7.5.0-3ubuntu1~18.04) 
COMPILER_PATH=/usr/lib/gcc/x86_64-linux-gnu/7/:/usr/lib/gcc/x86_64-linux-gnu/7/:/usr/lib/gcc/x86_64-linux-gnu/:/usr/lib/gcc/x86_64-linux-gnu/7/:/usr/lib/gcc/x86_64-linux-gnu/
LIBRARY_PATH=/usr/lib/gcc/x86_64-linux-gnu/7/:/usr/lib/gcc/x86_64-linux-gnu/7/../../../x86_64-linux-gnu/:/usr/lib/gcc/x86_64-linux-gnu/7/../../../../lib/:/lib/x86_64-linux-gnu/:/lib/../lib/:/usr/lib/x86_64-linux-gnu/:/usr/lib/../lib/:/usr/lib/gcc/x86_64-linux-gnu/7/../../../:/lib/:/usr/lib/
COLLECT_GCC_OPTIONS='-v' '-rdynamic' '-o' 'cmTC_302de' '-mtune=generic' '-march=x86-64'
 /usr/lib/gcc/x86_64-linux-gnu/7/collect2 -plugin /usr/lib/gcc/x86_64-linux-gnu/7/liblto_plugin.so -plugin-opt=/usr/lib/gcc/x86_64-linux-gnu/7/lto-wrapper -plugin-opt=-fresolution=/tmp/cc2XjX8U.res -plugin-opt=-pass-through=-lgcc -plugin-opt=-pass-through=-lgcc_s -plugin-opt=-pass-through=-lc -plugin-opt=-pass-through=-lgcc -plugin-opt=-pass-through=-lgcc_s --build-id --eh-frame-hdr -m elf_x86_64 --hash-style=gnu --as-needed -export-dynamic -dynamic-linker /lib64/ld-linux-x86-64.so.2 -pie -z now -z relro -o cmTC_302de /usr/lib/gcc/x86_64-linux-gnu/7/../../../x86_64-linux-gnu/Scrt1.o /usr/lib/gcc/x86_64-linux-gnu/7/../../../x86_64-linux-gnu/crti.o /usr/lib/gcc/x86_64-linux-gnu/7/crtbeginS.o -L/usr/lib/gcc/x86_64-linux-gnu/7 -L/usr/lib/gcc/x86_64-linux-gnu/7/../../../x86_64-linux-gnu -L/usr/lib/gcc/x86_64-linux-gnu/7/../../../../lib -L/lib/x86_64-linux-gnu -L/lib/../lib -L/usr/lib/x86_64-linux-gnu -L/usr/lib/../lib -L/usr/lib/gcc/x86_64-linux-gnu/7/../../.. CMakeFiles/cmTC_302de.dir/CMakeCCompilerABI.c.o -lgcc --push-state --as-needed -lgcc_s --pop-state -lc -lgcc --push-state --as-needed -lgcc_s --pop-state /usr/lib/gcc/x86_64-linux-gnu/7/crtendS.o /usr/lib/gcc/x86_64-linux-gnu/7/../../../x86_64-linux-gnu/crtn.o
COLLECT_GCC_OPTIONS='-v' '-rdynamic' '-o' 'cmTC_302de' '-mtune=generic' '-march=x86-64'
make[1]: Leaving directory '/home/zyl/Polar-AFL/cJSON/build/CMakeFiles/CMakeTmp'


Parsed C implicit link information from above output:
  link line regex: [^( *|.*[/\])(ld|CMAKE_LINK_STARTFILE-NOTFOUND|([^/\]+-)?ld|collect2)[^/\]*( |$)]
  ignore line: [Change Dir: /home/zyl/Polar-AFL/cJSON/build/CMakeFiles/CMakeTmp]
  ignore line: []
  ignore line: [Run Build Command:"/usr/bin/make" "cmTC_302de/fast"]
  ignore line: [/usr/bin/make -f CMakeFiles/cmTC_302de.dir/build.make CMakeFiles/cmTC_302de.dir/build]
  ignore line: [make[1]: Entering directory '/home/zyl/Polar-AFL/cJSON/build/CMakeFiles/CMakeTmp']
  ignore line: [Building C object CMakeFiles/cmTC_302de.dir/CMakeCCompilerABI.c.o]
  ignore line: [/usr/bin/cc    -o CMakeFiles/cmTC_302de.dir/CMakeCCompilerABI.c.o   -c /usr/share/cmake-3.10/Modules/CMakeCCompilerABI.c]
  ignore line: [Linking C executable cmTC_302de]
  ignore line: [/usr/bin/cmake -E cmake_link_script CMakeFiles/cmTC_302de.dir/link.txt --verbose=1]
  ignore line: [/usr/bin/cc     -v -rdynamic CMakeFiles/cmTC_302de.dir/CMakeCCompilerABI.c.o  -o cmTC_302de ]
  ignore line: [Using built-in specs.]
  ignore line: [COLLECT_GCC=/usr/bin/cc]
  ignore line: [COLLECT_LTO_WRAPPER=/usr/lib/gcc/x86_64-linux-gnu/7/lto-wrapper]
  ignore line: [OFFLOAD_TARGET_NAMES=nvptx-none]
  ignore line: [OFFLOAD_TARGET_DEFAULT=1]
  ignore line: [Target: x86_64-linux-gnu]
  ignore line: [Configured with: ../src/configure -v --with-pkgversion='Ubuntu 7.5.0-3ubuntu1~18.04' --with-bugurl=file:///usr/share/doc/gcc-7/README.Bugs --enable-languages=c,ada,c++,go,brig,d,fortran,objc,obj-c++ --prefix=/usr --with-gcc-major-version-only --program-suffix=-7 --program-prefix=x86_64-linux-gnu- --enable-shared --enable-linker-build-id --libexecdir=/usr/lib --without-included-gettext --enable-threads=posix --libdir=/usr/lib --enable-nls --enable-bootstrap --enable-clocale=gnu --enable-libstdcxx-debug --enable-libstdcxx-time=yes --with-default-libstdcxx-abi=new --enable-gnu-unique-object --disable-vtable-verify --enable-libmpx --enable-plugin --enable-default-pie --with-system-zlib --with-target-system-zlib --enable-objc-gc=auto --enable-multiarch --disable-werror --with-arch-32=i686 --with-abi=m64 --with-multilib-list=m32,m64,mx32 --enable-multilib --with-tune=generic --enable-offload-targets=nvptx-none --without-cuda-driver --enable-checking=release --build=x86_64-linux-gnu --host=x86_64-linux-gnu --target=x86_64-linux-gnu]
  ignore line: [Thread model: posix]
  ignore line: [gcc version 7.5.0 (Ubuntu 7.5.0-3ubuntu1~18.04) ]
  ignore line: [COMPILER_PATH=/usr/lib/gcc/x86_64-linux-gnu/7/:/usr/lib/gcc/x86_64-linux-gnu/7/:/usr/lib/gcc/x86_64-linux-gnu/:/usr/lib/gcc/x86_64-linux-gnu/7/:/usr/lib/gcc/x86_64-linux-gnu/]
  ignore line: [LIBRARY_PATH=/usr/lib/gcc/x86_64-linux-gnu/7/:/usr/lib/gcc/x86_64-linux-gnu/7/../../../x86_64-linux-gnu/:/usr/lib/gcc/x86_64-linux-gnu/7/../../../../lib/:/lib/x86_64-linux-gnu/:/lib/../lib/:/usr/lib/x86_64-linux-gnu/:/usr/lib/../lib/:/usr/lib/gcc/x86_64-linux-gnu/7/../../../:/lib/:/usr/lib/]
  ignore line: [COLLECT_GCC_OPTIONS='-v' '-rdynamic' '-o' 'cmTC_302de' '-mtune=generic' '-march=x86-64']
  link line: [ /usr/lib/gcc/x86_64-linux-gnu/7/collect2 -plugin /usr/lib/gcc/x86_64-linux-gnu/7/liblto_plugin.so -plugin-opt=/usr/lib/gcc/x86_64-linux-gnu/7/lto-wrapper -plugin-opt=-fresolution=/tmp/cc2XjX8U.res -plugin-opt=-pass-through=-lgcc -plugin-opt=-pass-through=-lgcc_s -plugin-opt=-pass-through=-lc -plugin-opt=-pass-through=-lgcc -plugin-opt=-pass-through=-lgcc_s --build-id --eh-frame-hdr -m elf_x86_64 --hash-style=gnu --as-needed -export-dynamic -dynamic-linker /lib64/ld-linux-x86-64.so.2 -pie -z now -z relro -o cmTC_302de /usr/lib/gcc/x86_64-linux-gnu/7/../../../x86_64-linux-gnu/Scrt1.o /usr/lib/gcc/x86_64-linux-gnu/7/../../../x86_64-linux-gnu/crti.o /usr/lib/gcc/x86_64-linux-gnu/7/crtbeginS.o -L/usr/lib/gcc/x86_64-linux-gnu/7 -L/usr/lib/gcc/x86_64-linux-gnu/7/../../../x86_64-linux-gnu -L/usr/lib/gcc/x86_64-linux-gnu/7/../../../../lib -L/lib/x86_64-linux-gnu -L/lib/../lib -L/usr/lib/x86_64-linux-gnu -L/usr/lib/../lib -L/usr/lib/gcc/x86_64-linux-gnu/7/../../.. CMakeFiles/cmTC_302de.dir/CMakeCCompilerABI.c.o -lgcc --push-state --as-needed -lgcc_s --pop-state -lc -lgcc --push-state --as-needed -lgcc_s --pop-state /usr/lib/gcc/x86_64-linux-gnu/7/crtendS.o /usr/lib/gcc/x86_64-linux-gnu/7/../../../x86_64-linux-gnu/crtn.o]
    arg [/usr/lib/gcc/x86_64-linux-gnu/7/collect2] ==> ignore
    arg [-plugin] ==> ignore
    arg [/usr/lib/gcc/x86_64-linux-gnu/7/liblto_plugin.so] ==> ignore
    arg [-plugin-opt=/usr/lib/gcc/x86_64-linux-gnu/7/lto-wrapper] ==> ignore
    arg [-plugin-opt=-fresolution=/tmp/cc2XjX8U.res] ==> ignore
    arg [-plugin-opt=-pass-through=-lgcc] ==> ignore
    arg [-plugin-opt=-pass-through=-lgcc_s] ==> ignore
    arg [-plugin-opt=-pass-through=-lc] ==> ignore
    arg [-plugin-opt=-pass-through=-lgcc] ==> ignore
    arg [-plugin-opt=-pass-through=-lgcc_s] ==> ignore
    arg [--build-id] ==> ignore
    arg [--eh-frame-hdr] ==> ignore
    arg [-m] ==> ignore
    arg [elf_x86_64] ==> ignore
    arg [--hash-style=gnu] ==> ignore
    arg [--as-needed] ==> ignore
    arg [-export-dynamic] ==> ignore
    arg [-dynamic-linker] ==> ignore
    arg [/lib64/ld-linux-x86-64.so.2] ==> ignore
    arg [-pie] ==> ignore
    arg [-znow] ==> ignore
    arg [-zrelro] ==> ignore
    arg [-o] ==> ignore
    arg [cmTC_302de] ==> ignore
    arg [/usr/lib/gcc/x86_64-linux-gnu/7/../../../x86_64-linux-gnu/Scrt1.o] ==> ignore
    arg [/usr/lib/gcc/x86_64-linux-gnu/7/../../../x86_64-linux-gnu/crti.o] ==> ignore
    arg [/usr/lib/gcc/x86_64-linux-gnu/7/crtbeginS.o] ==> ignore
    arg [-L/usr/lib/gcc/x86_64-linux-gnu/7] ==> dir [/usr/lib/gcc/x86_64-linux-gnu/7]
    arg [-L/usr/lib/gcc/x86_64-linux-gnu/7/../../../x86_64-linux-gnu] ==> dir [/usr/lib/gcc/x86_64-linux-gnu/7/../../../x86_64-linux-gnu]
    arg [-L/usr/lib/gcc/x86_64-linux-gnu/7/../../../../lib] ==> dir [/usr/lib/gcc/x86_64-linux-gnu/7/../../../../lib]
    arg [-L/lib/x86_64-linux-gnu] ==> dir [/lib/x86_64-linux-gnu]
    arg [-L/lib/../lib] ==> dir [/lib/../lib]
    arg [-L/usr/lib/x86_64-linux-gnu] ==> dir [/usr/lib/x86_64-linux-gnu]
    arg [-L/usr/lib/../lib] ==> dir [/usr/lib/../lib]
    arg [-L/usr/lib/gcc/x86_64-linux-gnu/7/../../..] ==> dir [/usr/lib/gcc/x86_64-linux-gnu/7/../../..]
    arg [CMakeFiles/cmTC_302de.dir/CMakeCCompilerABI.c.o] ==> ignore
    arg [-lgcc] ==> lib [gcc]
    arg [--push-state] ==> ignore
    arg [--as-needed] ==> ignore
    arg [-lgcc_s] ==> lib [gcc_s]
    arg [--pop-state] ==> ignore
    arg [-lc] ==> lib [c]
    arg [-lgcc] ==> lib [gcc]
    arg [--push-state] ==> ignore
    arg [--as-needed] ==> ignore
    arg [-lgcc_s] ==> lib [gcc_s]
    arg [--pop-state] ==> ignore
    arg [/usr/lib/gcc/x86_64-linux-gnu/7/crtendS.o] ==> ignore
    arg [/usr/lib/gcc/x86_64-linux-gnu/7/../../../x86_64-linux-gnu/crtn.o] ==> ignore
  collapse library dir [/usr/lib/gcc/x86_64-linux-gnu/7] ==> [/usr/lib/gcc/x86_64-linux-gnu/7]
  collapse library dir [/usr/lib/gcc/x86_64-linux-gnu/7/../../../x86_64-linux-gnu] ==> [/usr/lib/x86_64-linux-gnu]
  collapse library dir [/usr/lib/gcc/x86_64-linux-gnu/7/../../../../lib] ==> [/usr/lib]
  collapse library dir [/lib/x86_64-linux-gnu] ==> [/lib/x86_64-linux-gnu]
  collapse library dir [/lib/../lib] ==> [/lib]
  collapse library dir [/usr/lib/x86_64-linux-gnu] ==> [/usr/lib/x86_64-linux-gnu]
  collapse library dir [/usr/lib/../lib] ==> [/usr/lib]
  collapse library dir [/usr/lib/gcc/x86_64-linux-gnu/7/../../..] ==> [/usr/lib]
  implicit libs: [gcc;gcc_s;c;gcc;gcc_s]
  implicit dirs: [/usr/lib/gcc/x86_64-linux-gnu/7;/usr/lib/x86_64-linux-gnu;/usr/lib;/lib/x86_64-linux-gnu;/lib]
  implicit fwks: []




Detecting C [-std=c11] compiler features compiled with the following output:
Change Dir: /home/zyl/Polar-AFL/cJSON/build/CMakeFiles/CMakeTmp

Run Build Command:"/usr/bin/make" "cmTC_862dd/fast"
/usr/bin/make -f CMakeFiles/cmTC_862dd.dir/build.make CMakeFiles/cmTC_862dd.dir/build
make[1]: Entering directory '/home/zyl/Polar-AFL/cJSON/build/CMakeFiles/CMakeTmp'
Building C object CMakeFiles/cmTC_862dd.dir/feature_tests.c.o
/usr/bin/cc   -std=c11 -o CMakeFiles/cmTC_862dd.dir/feature_tests.c.o   -c /home/zyl/Polar-AFL/cJSON/build/CMakeFiles/feature_tests.c
Linking C executable cmTC_862dd
/usr/bin/cmake -E cmake_link_script CMakeFiles/cmTC_862dd.dir/link.txt --verbose=1
/usr/bin/cc      -rdynamic CMakeFiles/cmTC_862dd.dir/feature_tests.c.o  -o cmTC_862dd 
make[1]: Leaving directory '/home/zyl/Polar-AFL/cJSON/build/CMakeFiles/CMakeTmp'


    Feature record: C_FEATURE:1c_function_prototypes
    Feature record: C_FEATURE:1c_restrict
    Feature record: C_FEATURE:1c_static_assert
    Feature record: C_FEATURE:1c_variadic_macros


Detecting C [-std=c99] compiler features compiled with the following output:
Change Dir: /home/zyl/Polar-AFL/cJSON/build/CMakeFiles/CMakeTmp

Run Build Command:"/usr/bin/make" "cmTC_c924b/fast"
/usr/bin/make -f CMakeFiles/cmTC_c924b.dir/build.make CMakeFiles/cmTC_c924b.dir/build
make[1]: Entering directory '/home/zyl/Polar-AFL/cJSON/build/CMakeFiles/CMakeTmp'
Building C object CMakeFiles/cmTC_c924b.dir/feature_tests.c.o
/usr/bin/cc   -std=c99 -o CMakeFiles/cmTC_c924b.dir/feature_tests.c.o   -c /home/zyl/Polar-AFL/cJSON/build/CMakeFiles/feature_tests.c
Linking C executable cmTC_c924b
/usr/bin/cmake -E cmake_link_script CMakeFiles/cmTC_c924b.dir/link.txt --verbose=1
/usr/bin/cc      -rdynamic CMakeFiles/cmTC_c924b.dir/feature_tests.c.o  -o cmTC_c924b 
make[1]: Leaving directory '/home/zyl/Polar-AFL/cJSON/build/CMakeFiles/CMakeTmp'


    Feature record: C_FEATURE:1c_function_prototypes
    Feature record: C_FEATURE:1c_restrict
    Feature record: C_FEATURE:0c_static_assert
    Feature record: C_FEATURE:1c_variadic_macros


Detecting C [-std=c90] compiler features compiled with the following output:
Change Dir: /home/zyl/Polar-AFL/cJSON/build/CMakeFiles/CMakeTmp

Run Build Command:"/usr/bin/make" "cmTC_d6195/fast"
/usr/bin/make -f CMakeFiles/cmTC_d6195.dir/build.make CMakeFiles/cmTC_d6195.dir/build
make[1]: Entering directory '/home/zyl/Polar-AFL/cJSON/build/CMakeFiles/CMakeTmp'
Building C object CMakeFiles/cmTC_d6195.dir/feature_tests.c.o
/usr/bin/cc   -std=c90 -o CMakeFiles/cmTC_d6195.dir/feature_tests.c.o   -c /home/zyl/Polar-AFL/cJSON/build/CMakeFiles/feature_tests.c
Linking C executable cmTC_d6195
/usr/bin/cmake -E cmake_link_script CMakeFiles/cmTC_d6195.dir/link.txt --verbose=1
/usr/bin/cc      -rdynamic CMakeFiles/cmTC_d6195.dir/feature_tests.c.o  -o cmTC_d6195 
make[1]: Leaving directory '/home/zyl/Polar-AFL/cJSON/build/CMakeFiles/CMakeTmp'


    Feature record: C_FEATURE:1c_function_prototypes
    Feature record: C_FEATURE:0c_restrict
    Feature record: C_FEATURE:0c_static_assert
    Feature record: C_FEATURE:0c_variadic_macros
Performing C SOURCE FILE Test FLAG_SUPPORTED_stdc89 succeeded with the following output:
Change Dir: /home/zyl/Polar-AFL/cJSON/build/CMakeFiles/CMakeTmp

Run Build Command:"/usr/bin/make" "cmTC_e1d2d/fast"
/usr/bin/make -f CMakeFiles/cmTC_e1d2d.dir/build.make CMakeFiles/cmTC_e1d2d.dir/build
make[1]: Entering directory '/home/zyl/Polar-AFL/cJSON/build/CMakeFiles/CMakeTmp'
Building C object CMakeFiles/cmTC_e1d2d.dir/src.c.o
/usr/bin/cc   -DFLAG_SUPPORTED_stdc89   -std=c89 -o CMakeFiles/cmTC_e1d2d.dir/src.c.o   -c /home/zyl/Polar-AFL/cJSON/build/CMakeFiles/CMakeTmp/src.c
Linking C executable cmTC_e1d2d
/usr/bin/cmake -E cmake_link_script CMakeFiles/cmTC_e1d2d.dir/link.txt --verbose=1
/usr/bin/cc  -DFLAG_SUPPORTED_stdc89    -rdynamic CMakeFiles/cmTC_e1d2d.dir/src.c.o  -o cmTC_e1d2d 
make[1]: Leaving directory '/home/zyl/Polar-AFL/cJSON/build/CMakeFiles/CMakeTmp'

Source file was:
int main(void) { return 0; }
Performing C SOURCE FILE Test FLAG_SUPPORTED_pedantic succeeded with the following output:
Change Dir: /home/zyl/Polar-AFL/cJSON/build/CMakeFiles/CMakeTmp

Run Build Command:"/usr/bin/make" "cmTC_e5367/fast"
/usr/bin/make -f CMakeFiles/cmTC_e5367.dir/build.make CMakeFiles/cmTC_e5367.dir/build
make[1]: Entering directory '/home/zyl/Polar-AFL/cJSON/build/CMakeFiles/CMakeTmp'
Building C object CMakeFiles/cmTC_e5367.dir/src.c.o
/usr/bin/cc   -std=c89 -DFLAG_SUPPORTED_pedantic   -pedantic -o CMakeFiles/cmTC_e5367.dir/src.c.o   -c /home/zyl/Polar-AFL/cJSON/build/CMakeFiles/CMakeTmp/src.c
Linking C executable cmTC_e5367
/usr/bin/cmake -E cmake_link_script CMakeFiles/cmTC_e5367.dir/link.txt --verbose=1
/usr/bin/cc  -std=c89 -DFLAG_SUPPORTED_pedantic    -rdynamic CMakeFiles/cmTC_e5367.dir/src.c.o  -o cmTC_e5367 
make[1]: Leaving directory '/home/zyl/Polar-AFL/cJSON/build/CMakeFiles/CMakeTmp'

Source file was:
int main(void) { return 0; }
Performing C SOURCE FILE Test FLAG_SUPPORTED_Wall succeeded with the following output:
Change Dir: /home/zyl/Polar-AFL/cJSON/build/CMakeFiles/CMakeTmp

Run Build Command:"/usr/bin/make" "cmTC_4b6cb/fast"
/usr/bin/make -f CMakeFiles/cmTC_4b6cb.dir/build.make CMakeFiles/cmTC_4b6cb.dir/build
make[1]: Entering directory '/home/zyl/Polar-AFL/cJSON/build/CMakeFiles/CMakeTmp'
Building C object CMakeFiles/cmTC_4b6cb.dir/src.c.o
/usr/bin/cc   -std=c89 -pedantic -DFLAG_SUPPORTED_Wall   -Wall -o CMakeFiles/cmTC_4b6cb.dir/src.c.o   -c /home/zyl/Polar-AFL/cJSON/build/CMakeFiles/CMakeTmp/src.c
Linking C executable cmTC_4b6cb
/usr/bin/cmake -E cmake_link_script CMakeFiles/cmTC_4b6cb.dir/link.txt --verbose=1
/usr/bin/cc  -std=c89 -pedantic -DFLAG_SUPPORTED_Wall    -rdynamic CMakeFiles/cmTC_4b6cb.dir/src.c.o  -o cmTC_4b6cb 
make[1]: Leaving directory '/home/zyl/Polar-AFL/cJSON/build/CMakeFiles/CMakeTmp'

Source file was:
int main(void) { return 0; }
Performing C SOURCE FILE Test FLAG_SUPPORTED_Wextra succeeded with the following output:
Change Dir: /home/zyl/Polar-AFL/cJSON/build/CMakeFiles/CMakeTmp

Run Build Command:"/usr/bin/make" "cmTC_0cfb4/fast"
/usr/bin/make -f CMakeFiles/cmTC_0cfb4.dir/build.make CMakeFiles/cmTC_0cfb4.dir/build
make[1]: Entering directory '/home/zyl/Polar-AFL/cJSON/build/CMakeFiles/CMakeTmp'
Building C object CMakeFiles/cmTC_0cfb4.dir/src.c.o
/usr/bin/cc   -std=c89 -pedantic -Wall -DFLAG_SUPPORTED_Wextra   -Wextra -o CMakeFiles/cmTC_0cfb4.dir/src.c.o   -c /home/zyl/Polar-AFL/cJSON/build/CMakeFiles/CMakeTmp/src.c
Linking C executable cmTC_0cfb4
/usr/bin/cmake -E cmake_link_script CMakeFiles/cmTC_0cfb4.dir/link.txt --verbose=1
/usr/bin/cc  -std=c89 -pedantic -Wall -DFLAG_SUPPORTED_Wextra    -rdynamic CMakeFiles/cmTC_0cfb4.dir/src.c.o  -o cmTC_0cfb4 
make[1]: Leaving directory '/home/zyl/Polar-AFL/cJSON/build/CMakeFiles/CMakeTmp'

Source file was:
int main(void) { return 0; }
Performing C SOURCE FILE Test FLAG_SUPPORTED_Werror succeeded with the following output:
Change Dir: /home/zyl/Polar-AFL/cJSON/build/CMakeFiles/CMakeTmp

Run Build Command:"/usr/bin/make" "cmTC_e702b/fast"
/usr/bin/make -f CMakeFiles/cmTC_e702b.dir/build.make CMakeFiles/cmTC_e702b.dir/build
make[1]: Entering directory '/home/zyl/Polar-AFL/cJSON/build/CMakeFiles/CMakeTmp'
Building C object CMakeFiles/cmTC_e702b.dir/src.c.o
/usr/bin/cc   -std=c89 -pedantic -Wall -Wextra -DFLAG_SUPPORTED_Werror   -Werror -o CMakeFiles/cmTC_e702b.dir/src.c.o   -c /home/zyl/Polar-AFL/cJSON/build/CMakeFiles/CMakeTmp/src.c
Linking C executable cmTC_e702b
/usr/bin/cmake -E cmake_link_script CMakeFiles/cmTC_e702b.dir/link.txt --verbose=1
/usr/bin/cc  -std=c89 -pedantic -Wall -Wextra -DFLAG_SUPPORTED_Werror    -rdynamic CMakeFiles/cmTC_e702b.dir/src.c.o  -o cmTC_e702b 
make[1]: Leaving directory '/home/zyl/Polar-AFL/cJSON/build/CMakeFiles/CMakeTmp'

Source file was:
int main(void) { return 0; }
Performing C SOURCE FILE Test FLAG_SUPPORTED_Wstrictprototypes succeeded with the following output:
Change Dir: /home/zyl/Polar-AFL/cJSON/build/CMakeFiles/CMakeTmp

Run Build Command:"/usr/bin/make" "cmTC_9f73a/fast"
/usr/bin/make -f CMakeFiles/cmTC_9f73a.dir/build.make CMakeFiles/cmTC_9f73a.dir/build
make[1]: Entering directory '/home/zyl/Polar-AFL/cJSON/build/CMakeFiles/CMakeTmp'
Building C object CMakeFiles/cmTC_9f73a.dir/src.c.o
/usr/bin/cc   -std=c89 -pedantic -Wall -Wextra -Werror -DFLAG_SUPPORTED_Wstrictprototypes   -Wstrict-prototypes -o CMakeFiles/cmTC_9f73a.dir/src.c.o   -c /home/zyl/Polar-AFL/cJSON/build/CMakeFiles/CMakeTmp/src.c
Linking C executable cmTC_9f73a
/usr/bin/cmake -E cmake_link_script CMakeFiles/cmTC_9f73a.dir/link.txt --verbose=1
/usr/bin/cc  -std=c89 -pedantic -Wall -Wextra -Werror -DFLAG_SUPPORTED_Wstrictprototypes    -rdynamic CMakeFiles/cmTC_9f73a.dir/src.c.o  -o cmTC_9f73a 
make[1]: Leaving directory '/home/zyl/Polar-AFL/cJSON/build/CMakeFiles/CMakeTmp'

Source file was:
int main(void) { return 0; }
Performing C SOURCE FILE Test FLAG_SUPPORTED_Wwritestrings succeeded with the following output:
Change Dir: /home/zyl/Polar-AFL/cJSON/build/CMakeFiles/CMakeTmp

Run Build Command:"/usr/bin/make" "cmTC_25a2c/fast"
/usr/bin/make -f CMakeFiles/cmTC_25a2c.dir/build.make CMakeFiles/cmTC_25a2c.dir/build
make[1]: Entering directory '/home/zyl/Polar-AFL/cJSON/build/CMakeFiles/CMakeTmp'
Building C object CMakeFiles/cmTC_25a2c.dir/src.c.o
/usr/bin/cc   -std=c89 -pedantic -Wall -Wextra -Werror -Wstrict-prototypes -DFLAG_SUPPORTED_Wwritestrings   -Wwrite-strings -o CMakeFiles/cmTC_25a2c.dir/src.c.o   -c /home/zyl/Polar-AFL/cJSON/build/CMakeFiles/CMakeTmp/src.c
Linking C executable cmTC_25a2c
/usr/bin/cmake -E cmake_link_script CMakeFiles/cmTC_25a2c.dir/link.txt --verbose=1
/usr/bin/cc  -std=c89 -pedantic -Wall -Wextra -Werror -Wstrict-prototypes -DFLAG_SUPPORTED_Wwritestrings    -rdynamic CMakeFiles/cmTC_25a2c.dir/src.c.o  -o cmTC_25a2c 
make[1]: Leaving directory '/home/zyl/Polar-AFL/cJSON/build/CMakeFiles/CMakeTmp'

Source file was:
int main(void) { return 0; }
Performing C SOURCE FILE Test FLAG_SUPPORTED_Wshadow succeeded with the following output:
Change Dir: /home/zyl/Polar-AFL/cJSON/build/CMakeFiles/CMakeTmp

Run Build Command:"/usr/bin/make" "cmTC_70ec4/fast"
/usr/bin/make -f CMakeFiles/cmTC_70ec4.dir/build.make CMakeFiles/cmTC_70ec4.dir/build
make[1]: Entering directory '/home/zyl/Polar-AFL/cJSON/build/CMakeFiles/CMakeTmp'
Building C object CMakeFiles/cmTC_70ec4.dir/src.c.o
/usr/bin/cc   -std=c89 -pedantic -Wall -Wextra -Werror -Wstrict-prototypes -Wwrite-strings -DFLAG_SUPPORTED_Wshadow   -Wshadow -o CMakeFiles/cmTC_70ec4.dir/src.c.o   -c /home/zyl/Polar-AFL/cJSON/build/CMakeFiles/CMakeTmp/src.c
Linking C executable cmTC_70ec4
/usr/bin/cmake -E cmake_link_script CMakeFiles/cmTC_70ec4.dir/link.txt --verbose=1
/usr/bin/cc  -std=c89 -pedantic -Wall -Wextra -Werror -Wstrict-prototypes -Wwrite-strings -DFLAG_SUPPORTED_Wshadow    -rdynamic CMakeFiles/cmTC_70ec4.dir/src.c.o  -o cmTC_70ec4 
make[1]: Leaving directory '/home/zyl/Polar-AFL/cJSON/build/CMakeFiles/CMakeTmp'

Source file was:
int main(void) { return 0; }
Performing C SOURCE FILE Test FLAG_SUPPORTED_Winitself succeeded with the following output:
Change Dir: /home/zyl/Polar-AFL/cJSON/build/CMakeFiles/CMakeTmp

Run Build Command:"/usr/bin/make" "cmTC_39c46/fast"
/usr/bin/make -f CMakeFiles/cmTC_39c46.dir/build.make CMakeFiles/cmTC_39c46.dir/build
make[1]: Entering directory '/home/zyl/Polar-AFL/cJSON/build/CMakeFiles/CMakeTmp'
Building C object CMakeFiles/cmTC_39c46.dir/src.c.o
/usr/bin/cc   -std=c89 -pedantic -Wall -Wextra -Werror -Wstrict-prototypes -Wwrite-strings -Wshadow -DFLAG_SUPPORTED_Winitself   -Winit-self -o CMakeFiles/cmTC_39c46.dir/src.c.o   -c /home/zyl/Polar-AFL/cJSON/build/CMakeFiles/CMakeTmp/src.c
Linking C executable cmTC_39c46
/usr/bin/cmake -E cmake_link_script CMakeFiles/cmTC_39c46.dir/link.txt --verbose=1
/usr/bin/cc  -std=c89 -pedantic -Wall -Wextra -Werror -Wstrict-prototypes -Wwrite-strings -Wshadow -DFLAG_SUPPORTED_Winitself    -rdynamic CMakeFiles/cmTC_39c46.dir/src.c.o  -o cmTC_39c46 
make[1]: Leaving directory '/home/zyl/Polar-AFL/cJSON/build/CMakeFiles/CMakeTmp'

Source file was:
int main(void) { return 0; }
Performing C SOURCE FILE Test FLAG_SUPPORTED_Wcastalign succeeded with the following output:
Change Dir: /home/zyl/Polar-AFL/cJSON/build/CMakeFiles/CMakeTmp

Run Build Command:"/usr/bin/make" "cmTC_796ee/fast"
/usr/bin/make -f CMakeFiles/cmTC_796ee.dir/build.make CMakeFiles/cmTC_796ee.dir/build
make[1]: Entering directory '/home/zyl/Polar-AFL/cJSON/build/CMakeFiles/CMakeTmp'
Building C object CMakeFiles/cmTC_796ee.dir/src.c.o
/usr/bin/cc   -std=c89 -pedantic -Wall -Wextra -Werror -Wstrict-prototypes -Wwrite-strings -Wshadow -Winit-self -DFLAG_SUPPORTED_Wcastalign   -Wcast-align -o CMakeFiles/cmTC_796ee.dir/src.c.o   -c /home/zyl/Polar-AFL/cJSON/build/CMakeFiles/CMakeTmp/src.c
Linking C executable cmTC_796ee
/usr/bin/cmake -E cmake_link_script CMakeFiles/cmTC_796ee.dir/link.txt --verbose=1
/usr/bin/cc  -std=c89 -pedantic -Wall -Wextra -Werror -Wstrict-prototypes -Wwrite-strings -Wshadow -Winit-self -DFLAG_SUPPORTED_Wcastalign    -rdynamic CMakeFiles/cmTC_796ee.dir/src.c.o  -o cmTC_796ee 
make[1]: Leaving directory '/home/zyl/Polar-AFL/cJSON/build/CMakeFiles/CMakeTmp'

Source file was:
int main(void) { return 0; }
Performing C SOURCE FILE Test FLAG_SUPPORTED_Wformat2 succeeded with the following output:
Change Dir: /home/zyl/Polar-AFL/cJSON/build/CMakeFiles/CMakeTmp

Run Build Command:"/usr/bin/make" "cmTC_3de90/fast"
/usr/bin/make -f CMakeFiles/cmTC_3de90.dir/build.make CMakeFiles/cmTC_3de90.dir/build
make[1]: Entering directory '/home/zyl/Polar-AFL/cJSON/build/CMakeFiles/CMakeTmp'
Building C object CMakeFiles/cmTC_3de90.dir/src.c.o
/usr/bin/cc   -std=c89 -pedantic -Wall -Wextra -Werror -Wstrict-prototypes -Wwrite-strings -Wshadow -Winit-self -Wcast-align -DFLAG_SUPPORTED_Wformat2   -Wformat=2 -o CMakeFiles/cmTC_3de90.dir/src.c.o   -c /home/zyl/Polar-AFL/cJSON/build/CMakeFiles/CMakeTmp/src.c
Linking C executable cmTC_3de90
/usr/bin/cmake -E cmake_link_script CMakeFiles/cmTC_3de90.dir/link.txt --verbose=1
/usr/bin/cc  -std=c89 -pedantic -Wall -Wextra -Werror -Wstrict-prototypes -Wwrite-strings -Wshadow -Winit-self -Wcast-align -DFLAG_SUPPORTED_Wformat2    -rdynamic CMakeFiles/cmTC_3de90.dir/src.c.o  -o cmTC_3de90 
make[1]: Leaving directory '/home/zyl/Polar-AFL/cJSON/build/CMakeFiles/CMakeTmp'

Source file was:
int main(void) { return 0; }
Performing C SOURCE FILE Test FLAG_SUPPORTED_Wmissingprototypes succeeded with the following output:
Change Dir: /home/zyl/Polar-AFL/cJSON/build/CMakeFiles/CMakeTmp

Run Build Command:"/usr/bin/make" "cmTC_0745c/fast"
/usr/bin/make -f CMakeFiles/cmTC_0745c.dir/build.make CMakeFiles/cmTC_0745c.dir/build
make[1]: Entering directory '/home/zyl/Polar-AFL/cJSON/build/CMakeFiles/CMakeTmp'
Building C object CMakeFiles/cmTC_0745c.dir/src.c.o
/usr/bin/cc   -std=c89 -pedantic -Wall -Wextra -Werror -Wstrict-prototypes -Wwrite-strings -Wshadow -Winit-self -Wcast-align -Wformat=2 -DFLAG_SUPPORTED_Wmissingprototypes   -Wmissing-prototypes -o CMakeFiles/cmTC_0745c.dir/src.c.o   -c /home/zyl/Polar-AFL/cJSON/build/CMakeFiles/CMakeTmp/src.c
Linking C executable cmTC_0745c
/usr/bin/cmake -E cmake_link_script CMakeFiles/cmTC_0745c.dir/link.txt --verbose=1
/usr/bin/cc  -std=c89 -pedantic -Wall -Wextra -Werror -Wstrict-prototypes -Wwrite-strings -Wshadow -Winit-self -Wcast-align -Wformat=2 -DFLAG_SUPPORTED_Wmissingprototypes    -rdynamic CMakeFiles/cmTC_0745c.dir/src.c.o  -o cmTC_0745c 
make[1]: Leaving directory '/home/zyl/Polar-AFL/cJSON/build/CMakeFiles/CMakeTmp'

Source file was:
int main(void) { return 0; }
Performing C SOURCE FILE Test FLAG_SUPPORTED_Wstrictoverflow2 succeeded with the following output:
Change Dir: /home/zyl/Polar-AFL/cJSON/build/CMakeFiles/CMakeTmp

Run Build Command:"/usr/bin/make" "cmTC_3053c/fast"
/usr/bin/make -f CMakeFiles/cmTC_3053c.dir/build.make CMakeFiles/cmTC_3053c.dir/build
make[1]: Entering directory '/home/zyl/Polar-AFL/cJSON/build/CMakeFiles/CMakeTmp'
Building C object CMakeFiles/cmTC_3053c.dir/src.c.o
/usr/bin/cc   -std=c89 -pedantic -Wall -Wextra -Werror -Wstrict-prototypes -Wwrite-strings -Wshadow -Winit-self -Wcast-align -Wformat=2 -Wmissing-prototypes -DFLAG_SUPPORTED_Wstrictoverflow2   -Wstrict-overflow=2 -o CMakeFiles/cmTC_3053c.dir/src.c.o   -c /home/zyl/Polar-AFL/cJSON/build/CMakeFiles/CMakeTmp/src.c
Linking C executable cmTC_3053c
/usr/bin/cmake -E cmake_link_script CMakeFiles/cmTC_3053c.dir/link.txt --verbose=1
/usr/bin/cc  -std=c89 -pedantic -Wall -Wextra -Werror -Wstrict-prototypes -Wwrite-strings -Wshadow -Winit-self -Wcast-align -Wformat=2 -Wmissing-prototypes -DFLAG_SUPPORTED_Wstrictoverflow2    -rdynamic CMakeFiles/cmTC_3053c.dir/src.c.o  -o cmTC_3053c 
make[1]: Leaving directory '/home/zyl/Polar-AFL/cJSON/build/CMakeFiles/CMakeTmp'

Source file was:
int main(void) { return 0; }
Performing C SOURCE FILE Test FLAG_SUPPORTED_Wcastqual succeeded with the following output:
Change Dir: /home/zyl/Polar-AFL/cJSON/build/CMakeFiles/CMakeTmp

Run Build Command:"/usr/bin/make" "cmTC_20a96/fast"
/usr/bin/make -f CMakeFiles/cmTC_20a96.dir/build.make CMakeFiles/cmTC_20a96.dir/build
make[1]: Entering directory '/home/zyl/Polar-AFL/cJSON/build/CMakeFiles/CMakeTmp'
Building C object CMakeFiles/cmTC_20a96.dir/src.c.o
/usr/bin/cc   -std=c89 -pedantic -Wall -Wextra -Werror -Wstrict-prototypes -Wwrite-strings -Wshadow -Winit-self -Wcast-align -Wformat=2 -Wmissing-prototypes -Wstrict-overflow=2 -DFLAG_SUPPORTED_Wcastqual   -Wcast-qual -o CMakeFiles/cmTC_20a96.dir/src.c.o   -c /home/zyl/Polar-AFL/cJSON/build/CMakeFiles/CMakeTmp/src.c
Linking C executable cmTC_20a96
/usr/bin/cmake -E cmake_link_script CMakeFiles/cmTC_20a96.dir/link.txt --verbose=1
/usr/bin/cc  -std=c89 -pedantic -Wall -Wextra -Werror -Wstrict-prototypes -Wwrite-strings -Wshadow -Winit-self -Wcast-align -Wformat=2 -Wmissing-prototypes -Wstrict-overflow=2 -DFLAG_SUPPORTED_Wcastqual    -rdynamic CMakeFiles/cmTC_20a96.dir/src.c.o  -o cmTC_20a96 
make[1]: Leaving directory '/home/zyl/Polar-AFL/cJSON/build/CMakeFiles/CMakeTmp'

Source file was:
int main(void) { return 0; }
Performing C SOURCE FILE Test FLAG_SUPPORTED_Wundef succeeded with the following output:
Change Dir: /home/zyl/Polar-AFL/cJSON/build/CMakeFiles/CMakeTmp

Run Build Command:"/usr/bin/make" "cmTC_88a5a/fast"
/usr/bin/make -f CMakeFiles/cmTC_88a5a.dir/build.make CMakeFiles/cmTC_88a5a.dir/build
make[1]: Entering directory '/home/zyl/Polar-AFL/cJSON/build/CMakeFiles/CMakeTmp'
Building C object CMakeFiles/cmTC_88a5a.dir/src.c.o
/usr/bin/cc   -std=c89 -pedantic -Wall -Wextra -Werror -Wstrict-prototypes -Wwrite-strings -Wshadow -Winit-self -Wcast-align -Wformat=2 -Wmissing-prototypes -Wstrict-overflow=2 -Wcast-qual -DFLAG_SUPPORTED_Wundef   -Wundef -o CMakeFiles/cmTC_88a5a.dir/src.c.o   -c /home/zyl/Polar-AFL/cJSON/build/CMakeFiles/CMakeTmp/src.c
Linking C executable cmTC_88a5a
/usr/bin/cmake -E cmake_link_script CMakeFiles/cmTC_88a5a.dir/link.txt --verbose=1
/usr/bin/cc  -std=c89 -pedantic -Wall -Wextra -Werror -Wstrict-prototypes -Wwrite-strings -Wshadow -Winit-self -Wcast-align -Wformat=2 -Wmissing-prototypes -Wstrict-overflow=2 -Wcast-qual -DFLAG_SUPPORTED_Wundef    -rdynamic CMakeFiles/cmTC_88a5a.dir/src.c.o  -o cmTC_88a5a 
make[1]: Leaving directory '/home/zyl/Polar-AFL/cJSON/build/CMakeFiles/CMakeTmp'

Source file was:
int main(void) { return 0; }
Performing C SOURCE FILE Test FLAG_SUPPORTED_Wswitchdefault succeeded with the following output:
Change Dir: /home/zyl/Polar-AFL/cJSON/build/CMakeFiles/CMakeTmp

Run Build Command:"/usr/bin/make" "cmTC_d97eb/fast"
/usr/bin/make -f CMakeFiles/cmTC_d97eb.dir/build.make CMakeFiles/cmTC_d97eb.dir/build
make[1]: Entering directory '/home/zyl/Polar-AFL/cJSON/build/CMakeFiles/CMakeTmp'
Building C object CMakeFiles/cmTC_d97eb.dir/src.c.o
/usr/bin/cc   -std=c89 -pedantic -Wall -Wextra -Werror -Wstrict-prototypes -Wwrite-strings -Wshadow -Winit-self -Wcast-align -Wformat=2 -Wmissing-prototypes -Wstrict-overflow=2 -Wcast-qual -Wundef -DFLAG_SUPPORTED_Wswitchdefault   -Wswitch-default -o CMakeFiles/cmTC_d97eb.dir/src.c.o   -c /home/zyl/Polar-AFL/cJSON/build/CMakeFiles/CMakeTmp/src.c
Linking C executable cmTC_d97eb
/usr/bin/cmake -E cmake_link_script CMakeFiles/cmTC_d97eb.dir/link.txt --verbose=1
/usr/bin/cc  -std=c89 -pedantic -Wall -Wextra -Werror -Wstrict-prototypes -Wwrite-strings -Wshadow -Winit-self -Wcast-align -Wformat=2 -Wmissing-prototypes -Wstrict-overflow=2 -Wcast-qual -Wundef -DFLAG_SUPPORTED_Wswitchdefault    -rdynamic CMakeFiles/cmTC_d97eb.dir/src.c.o  -o cmTC_d97eb 
make[1]: Leaving directory '/home/zyl/Polar-AFL/cJSON/build/CMakeFiles/CMakeTmp'

Source file was:
int main(void) { return 0; }
Performing C SOURCE FILE Test FLAG_SUPPORTED_Wconversion succeeded with the following output:
Change Dir: /home/zyl/Polar-AFL/cJSON/build/CMakeFiles/CMakeTmp

Run Build Command:"/usr/bin/make" "cmTC_7f3a7/fast"
/usr/bin/make -f CMakeFiles/cmTC_7f3a7.dir/build.make CMakeFiles/cmTC_7f3a7.dir/build
make[1]: Entering directory '/home/zyl/Polar-AFL/cJSON/build/CMakeFiles/CMakeTmp'
Building C object CMakeFiles/cmTC_7f3a7.dir/src.c.o
/usr/bin/cc   -std=c89 -pedantic -Wall -Wextra -Werror -Wstrict-prototypes -Wwrite-strings -Wshadow -Winit-self -Wcast-align -Wformat=2 -Wmissing-prototypes -Wstrict-overflow=2 -Wcast-qual -Wundef -Wswitch-default -DFLAG_SUPPORTED_Wconversion   -Wconversion -o CMakeFiles/cmTC_7f3a7.dir/src.c.o   -c /home/zyl/Polar-AFL/cJSON/build/CMakeFiles/CMakeTmp/src.c
Linking C executable cmTC_7f3a7
/usr/bin/cmake -E cmake_link_script CMakeFiles/cmTC_7f3a7.dir/link.txt --verbose=1
/usr/bin/cc  -std=c89 -pedantic -Wall -Wextra -Werror -Wstrict-prototypes -Wwrite-strings -Wshadow -Winit-self -Wcast-align -Wformat=2 -Wmissing-prototypes -Wstrict-overflow=2 -Wcast-qual -Wundef -Wswitch-default -DFLAG_SUPPORTED_Wconversion    -rdynamic CMakeFiles/cmTC_7f3a7.dir/src.c.o  -o cmTC_7f3a7 
make[1]: Leaving directory '/home/zyl/Polar-AFL/cJSON/build/CMakeFiles/CMakeTmp'

Source file was:
int main(void) { return 0; }
Performing C SOURCE FILE Test FLAG_SUPPORTED_Wccompat succeeded with the following output:
Change Dir: /home/zyl/Polar-AFL/cJSON/build/CMakeFiles/CMakeTmp

Run Build Command:"/usr/bin/make" "cmTC_8c1bd/fast"
/usr/bin/make -f CMakeFiles/cmTC_8c1bd.dir/build.make CMakeFiles/cmTC_8c1bd.dir/build
make[1]: Entering directory '/home/zyl/Polar-AFL/cJSON/build/CMakeFiles/CMakeTmp'
Building C object CMakeFiles/cmTC_8c1bd.dir/src.c.o
/usr/bin/cc   -std=c89 -pedantic -Wall -Wextra -Werror -Wstrict-prototypes -Wwrite-strings -Wshadow -Winit-self -Wcast-align -Wformat=2 -Wmissing-prototypes -Wstrict-overflow=2 -Wcast-qual -Wundef -Wswitch-default -Wconversion -DFLAG_SUPPORTED_Wccompat   -Wc++-compat -o CMakeFiles/cmTC_8c1bd.dir/src.c.o   -c /home/zyl/Polar-AFL/cJSON/build/CMakeFiles/CMakeTmp/src.c
Linking C executable cmTC_8c1bd
/usr/bin/cmake -E cmake_link_script CMakeFiles/cmTC_8c1bd.dir/link.txt --verbose=1
/usr/bin/cc  -std=c89 -pedantic -Wall -Wextra -Werror -Wstrict-prototypes -Wwrite-strings -Wshadow -Winit-self -Wcast-align -Wformat=2 -Wmissing-prototypes -Wstrict-overflow=2 -Wcast-qual -Wundef -Wswitch-default -Wconversion -DFLAG_SUPPORTED_Wccompat    -rdynamic CMakeFiles/cmTC_8c1bd.dir/src.c.o  -o cmTC_8c1bd 
make[1]: Leaving directory '/home/zyl/Polar-AFL/cJSON/build/CMakeFiles/CMakeTmp'

Source file was:
int main(void) { return 0; }
Performing C SOURCE FILE Test FLAG_SUPPORTED_fstackprotectorstrong succeeded with the following output:
Change Dir: /home/zyl/Polar-AFL/cJSON/build/CMakeFiles/CMakeTmp

Run Build Command:"/usr/bin/make" "cmTC_af7f4/fast"
/usr/bin/make -f CMakeFiles/cmTC_af7f4.dir/build.make CMakeFiles/cmTC_af7f4.dir/build
make[1]: Entering directory '/home/zyl/Polar-AFL/cJSON/build/CMakeFiles/CMakeTmp'
Building C object CMakeFiles/cmTC_af7f4.dir/src.c.o
/usr/bin/cc   -std=c89 -pedantic -Wall -Wextra -Werror -Wstrict-prototypes -Wwrite-strings -Wshadow -Winit-self -Wcast-align -Wformat=2 -Wmissing-prototypes -Wstrict-overflow=2 -Wcast-qual -Wundef -Wswitch-default -Wconversion -Wc++-compat -DFLAG_SUPPORTED_fstackprotectorstrong   -fstack-protector-strong -o CMakeFiles/cmTC_af7f4.dir/src.c.o   -c /home/zyl/Polar-AFL/cJSON/build/CMakeFiles/CMakeTmp/src.c
Linking C executable cmTC_af7f4
/usr/bin/cmake -E cmake_link_script CMakeFiles/cmTC_af7f4.dir/link.txt --verbose=1
/usr/bin/cc  -std=c89 -pedantic -Wall -Wextra -Werror -Wstrict-prototypes -Wwrite-strings -Wshadow -Winit-self -Wcast-align -Wformat=2 -Wmissing-prototypes -Wstrict-overflow=2 -Wcast-qual -Wundef -Wswitch-default -Wconversion -Wc++-compat -DFLAG_SUPPORTED_fstackprotectorstrong    -rdynamic CMakeFiles/cmTC_af7f4.dir/src.c.o  -o cmTC_af7f4 
make[1]: Leaving directory '/home/zyl/Polar-AFL/cJSON/build/CMakeFiles/CMakeTmp'

Source file was:
int main(void) { return 0; }
Performing C SOURCE FILE Test FLAG_SUPPORTED_Wdoublepromotion succeeded with the following output:
Change Dir: /home/zyl/Polar-AFL/cJSON/build/CMakeFiles/CMakeTmp

Run Build Command:"/usr/bin/make" "cmTC_2918c/fast"
/usr/bin/make -f CMakeFiles/cmTC_2918c.dir/build.make CMakeFiles/cmTC_2918c.dir/build
make[1]: Entering directory '/home/zyl/Polar-AFL/cJSON/build/CMakeFiles/CMakeTmp'
Building C object CMakeFiles/cmTC_2918c.dir/src.c.o
/usr/bin/cc   -std=c89 -pedantic -Wall -Wextra -Werror -Wstrict-prototypes -Wwrite-strings -Wshadow -Winit-self -Wcast-align -Wformat=2 -Wmissing-prototypes -Wstrict-overflow=2 -Wcast-qual -Wundef -Wswitch-default -Wconversion -Wc++-compat -fstack-protector-strong -DFLAG_SUPPORTED_Wdoublepromotion   -Wdouble-promotion -o CMakeFiles/cmTC_2918c.dir/src.c.o   -c /home/zyl/Polar-AFL/cJSON/build/CMakeFiles/CMakeTmp/src.c
Linking C executable cmTC_2918c
/usr/bin/cmake -E cmake_link_script CMakeFiles/cmTC_2918c.dir/link.txt --verbose=1
/usr/bin/cc  -std=c89 -pedantic -Wall -Wextra -Werror -Wstrict-prototypes -Wwrite-strings -Wshadow -Winit-self -Wcast-align -Wformat=2 -Wmissing-prototypes -Wstrict-overflow=2 -Wcast-qual -Wundef -Wswitch-default -Wconversion -Wc++-compat -fstack-protector-strong -DFLAG_SUPPORTED_Wdoublepromotion    -rdynamic CMakeFiles/cmTC_2918c.dir/src.c.o  -o cmTC_2918c 
make[1]: Leaving directory '/home/zyl/Polar-AFL/cJSON/build/CMakeFiles/CMakeTmp'

Source file was:
int main(void) { return 0; }
Performing C SOURCE FILE Test FLAG_SUPPORTED_Wparentheses succeeded with the following output:
Change Dir: /home/zyl/Polar-AFL/cJSON/build/CMakeFiles/CMakeTmp

Run Build Command:"/usr/bin/make" "cmTC_610ef/fast"
/usr/bin/make -f CMakeFiles/cmTC_610ef.dir/build.make CMakeFiles/cmTC_610ef.dir/build
make[1]: Entering directory '/home/zyl/Polar-AFL/cJSON/build/CMakeFiles/CMakeTmp'
Building C object CMakeFiles/cmTC_610ef.dir/src.c.o
/usr/bin/cc   -std=c89 -pedantic -Wall -Wextra -Werror -Wstrict-prototypes -Wwrite-strings -Wshadow -Winit-self -Wcast-align -Wformat=2 -Wmissing-prototypes -Wstrict-overflow=2 -Wcast-qual -Wundef -Wswitch-default -Wconversion -Wc++-compat -fstack-protector-strong -Wdouble-promotion -DFLAG_SUPPORTED_Wparentheses   -Wparentheses -o CMakeFiles/cmTC_610ef.dir/src.c.o   -c /home/zyl/Polar-AFL/cJSON/build/CMakeFiles/CMakeTmp/src.c
Linking C executable cmTC_610ef
/usr/bin/cmake -E cmake_link_script CMakeFiles/cmTC_610ef.dir/link.txt --verbose=1
/usr/bin/cc  -std=c89 -pedantic -Wall -Wextra -Werror -Wstrict-prototypes -Wwrite-strings -Wshadow -Winit-self -Wcast-align -Wformat=2 -Wmissing-prototypes -Wstrict-overflow=2 -Wcast-qual -Wundef -Wswitch-default -Wconversion -Wc++-compat -fstack-protector-strong -Wdouble-promotion -DFLAG_SUPPORTED_Wparentheses    -rdynamic CMakeFiles/cmTC_610ef.dir/src.c.o  -o cmTC_610ef 
make[1]: Leaving directory '/home/zyl/Polar-AFL/cJSON/build/CMakeFiles/CMakeTmp'

Source file was:
int main(void) { return 0; }
Performing C SOURCE FILE Test FLAG_SUPPORTED_Wformatoverflow succeeded with the following output:
Change Dir: /home/zyl/Polar-AFL/cJSON/build/CMakeFiles/CMakeTmp

Run Build Command:"/usr/bin/make" "cmTC_bea45/fast"
/usr/bin/make -f CMakeFiles/cmTC_bea45.dir/build.make CMakeFiles/cmTC_bea45.dir/build
make[1]: Entering directory '/home/zyl/Polar-AFL/cJSON/build/CMakeFiles/CMakeTmp'
Building C object CMakeFiles/cmTC_bea45.dir/src.c.o
/usr/bin/cc   -std=c89 -pedantic -Wall -Wextra -Werror -Wstrict-prototypes -Wwrite-strings -Wshadow -Winit-self -Wcast-align -Wformat=2 -Wmissing-prototypes -Wstrict-overflow=2 -Wcast-qual -Wundef -Wswitch-default -Wconversion -Wc++-compat -fstack-protector-strong -Wdouble-promotion -Wparentheses -DFLAG_SUPPORTED_Wformatoverflow   -Wformat-overflow -o CMakeFiles/cmTC_bea45.dir/src.c.o   -c /home/zyl/Polar-AFL/cJSON/build/CMakeFiles/CMakeTmp/src.c
Linking C executable cmTC_bea45
/usr/bin/cmake -E cmake_link_script CMakeFiles/cmTC_bea45.dir/link.txt --verbose=1
/usr/bin/cc  -std=c89 -pedantic -Wall -Wextra -Werror -Wstrict-prototypes -Wwrite-strings -Wshadow -Winit-self -Wcast-align -Wformat=2 -Wmissing-prototypes -Wstrict-overflow=2 -Wcast-qual -Wundef -Wswitch-default -Wconversion -Wc++-compat -fstack-protector-strong -Wdouble-promotion -Wparentheses -DFLAG_SUPPORTED_Wformatoverflow    -rdynamic CMakeFiles/cmTC_bea45.dir/src.c.o  -o cmTC_bea45 
make[1]: Leaving directory '/home/zyl/Polar-AFL/cJSON/build/CMakeFiles/CMakeTmp'

Source file was:
int main(void) { return 0; }
Performing C SOURCE FILE Test FLAG_SUPPORTED_Wunusedmacros succeeded with the following output:
Change Dir: /home/zyl/Polar-AFL/cJSON/build/CMakeFiles/CMakeTmp

Run Build Command:"/usr/bin/make" "cmTC_71496/fast"
/usr/bin/make -f CMakeFiles/cmTC_71496.dir/build.make CMakeFiles/cmTC_71496.dir/build
make[1]: Entering directory '/home/zyl/Polar-AFL/cJSON/build/CMakeFiles/CMakeTmp'
Building C object CMakeFiles/cmTC_71496.dir/src.c.o
/usr/bin/cc   -std=c89 -pedantic -Wall -Wextra -Werror -Wstrict-prototypes -Wwrite-strings -Wshadow -Winit-self -Wcast-align -Wformat=2 -Wmissing-prototypes -Wstrict-overflow=2 -Wcast-qual -Wundef -Wswitch-default -Wconversion -Wc++-compat -fstack-protector-strong -Wdouble-promotion -Wparentheses -Wformat-overflow -DFLAG_SUPPORTED_Wunusedmacros   -Wunused-macros -o CMakeFiles/cmTC_71496.dir/src.c.o   -c /home/zyl/Polar-AFL/cJSON/build/CMakeFiles/CMakeTmp/src.c
Linking C executable cmTC_71496
/usr/bin/cmake -E cmake_link_script CMakeFiles/cmTC_71496.dir/link.txt --verbose=1
/usr/bin/cc  -std=c89 -pedantic -Wall -Wextra -Werror -Wstrict-prototypes -Wwrite-strings -Wshadow -Winit-self -Wcast-align -Wformat=2 -Wmissing-prototypes -Wstrict-overflow=2 -Wcast-qual -Wundef -Wswitch-default -Wconversion -Wc++-compat -fstack-protector-strong -Wdouble-promotion -Wparentheses -Wformat-overflow -DFLAG_SUPPORTED_Wunusedmacros    -rdynamic CMakeFiles/cmTC_71496.dir/src.c.o  -o cmTC_71496 
make[1]: Leaving directory '/home/zyl/Polar-AFL/cJSON/build/CMakeFiles/CMakeTmp'

Source file was:
int main(void) { return 0; }
Performing C SOURCE FILE Test FLAG_SUPPORTED_Wswitchenum succeeded with the following output:
Change Dir: /home/zyl/Polar-AFL/cJSON/build/CMakeFiles/CMakeTmp

Run Build Command:"/usr/bin/make" "cmTC_a8f10/fast"
/usr/bin/make -f CMakeFiles/cmTC_a8f10.dir/build.make CMakeFiles/cmTC_a8f10.dir/build
make[1]: Entering directory '/home/zyl/Polar-AFL/cJSON/build/CMakeFiles/CMakeTmp'
Building C object CMakeFiles/cmTC_a8f10.dir/src.c.o
/usr/bin/cc   -std=c89 -pedantic -Wall -Wextra -Werror -Wstrict-prototypes -Wwrite-strings -Wshadow -Winit-self -Wcast-align -Wformat=2 -Wmissing-prototypes -Wstrict-overflow=2 -Wcast-qual -Wundef -Wswitch-default -Wconversion -Wc++-compat -fstack-protector-strong -Wdouble-promotion -Wparentheses -Wformat-overflow -Wunused-macros -DFLAG_SUPPORTED_Wswitchenum   -Wswitch-enum -o CMakeFiles/cmTC_a8f10.dir/src.c.o   -c /home/zyl/Polar-AFL/cJSON/build/CMakeFiles/CMakeTmp/src.c
Linking C executable cmTC_a8f10
/usr/bin/cmake -E cmake_link_script CMakeFiles/cmTC_a8f10.dir/link.txt --verbose=1
/usr/bin/cc  -std=c89 -pedantic -Wall -Wextra -Werror -Wstrict-prototypes -Wwrite-strings -Wshadow -Winit-self -Wcast-align -Wformat=2 -Wmissing-prototypes -Wstrict-overflow=2 -Wcast-qual -Wundef -Wswitch-default -Wconversion -Wc++-compat -fstack-protector-strong -Wdouble-promotion -Wparentheses -Wformat-overflow -Wunused-macros -DFLAG_SUPPORTED_Wswitchenum    -rdynamic CMakeFiles/cmTC_a8f10.dir/src.c.o  -o cmTC_a8f10 
make[1]: Leaving directory '/home/zyl/Polar-AFL/cJSON/build/CMakeFiles/CMakeTmp'

Source file was:
int main(void) { return 0; }
Performing C SOURCE FILE Test FLAG_SUPPORTED_fvisibilityhidden succeeded with the following output:
Change Dir: /home/zyl/Polar-AFL/cJSON/build/CMakeFiles/CMakeTmp

Run Build Command:"/usr/bin/make" "cmTC_ec6e7/fast"
/usr/bin/make -f CMakeFiles/cmTC_ec6e7.dir/build.make CMakeFiles/cmTC_ec6e7.dir/build
make[1]: Entering directory '/home/zyl/Polar-AFL/cJSON/build/CMakeFiles/CMakeTmp'
Building C object CMakeFiles/cmTC_ec6e7.dir/src.c.o
/usr/bin/cc   -std=c89 -pedantic -Wall -Wextra -Werror -Wstrict-prototypes -Wwrite-strings -Wshadow -Winit-self -Wcast-align -Wformat=2 -Wmissing-prototypes -Wstrict-overflow=2 -Wcast-qual -Wundef -Wswitch-default -Wconversion -Wc++-compat -fstack-protector-strong -Wdouble-promotion -Wparentheses -Wformat-overflow -Wunused-macros -Wswitch-enum -DFLAG_SUPPORTED_fvisibilityhidden   -fvisibility=hidden -o CMakeFiles/cmTC_ec6e7.dir/src.c.o   -c /home/zyl/Polar-AFL/cJSON/build/CMakeFiles/CMakeTmp/src.c
Linking C executable cmTC_ec6e7
/usr/bin/cmake -E cmake_link_script CMakeFiles/cmTC_ec6e7.dir/link.txt --verbose=1
/usr/bin/cc  -std=c89 -pedantic -Wall -Wextra -Werror -Wstrict-prototypes -Wwrite-strings -Wshadow -Winit-self -Wcast-align -Wformat=2 -Wmissing-prototypes -Wstrict-overflow=2 -Wcast-qual -Wundef -Wswitch-default -Wconversion -Wc++-compat -fstack-protector-strong -Wdouble-promotion -Wparentheses -Wformat-overflow -Wunused-macros -Wswitch-enum -DFLAG_SUPPORTED_fvisibilityhidden    -rdynamic CMakeFiles/cmTC_ec6e7.dir/src.c.o  -o cmTC_ec6e7 
make[1]: Leaving directory '/home/zyl/Polar-AFL/cJSON/build/CMakeFiles/CMakeTmp'

Source file was:
int main(void) { return 0; }
